<?xml version="1.0" encoding="UTF-8"?>
<coverage generated="1746364436405" clover="3.2.0">
  <project timestamp="1746364436405" name="All files">
    <metrics statements="24" coveredstatements="17" conditionals="12" coveredconditionals="8" methods="4" coveredmethods="3" elements="40" coveredelements="28" complexity="0" loc="24" ncloc="24" packages="2" files="2" classes="2"/>
    <package name="middleware">
      <metrics statements="20" coveredstatements="13" conditionals="12" coveredconditionals="8" methods="3" coveredmethods="2"/>
      <file name="errorMiddleware.js" path="E:\sliit\AF\projet 2\af-2-it21287954-main\af-2-it21287954-main\backend\middleware\errorMiddleware.js">
        <metrics statements="20" coveredstatements="13" conditionals="12" coveredconditionals="8" methods="3" coveredmethods="2"/>
        <line num="2" count="1" type="stmt"/>
        <line num="3" count="1" type="stmt"/>
        <line num="4" count="1" type="stmt"/>
        <line num="5" count="1" type="stmt"/>
        <line num="8" count="1" type="stmt"/>
        <line num="9" count="3" type="cond" truecount="2" falsecount="0"/>
        <line num="10" count="3" type="stmt"/>
        <line num="13" count="3" type="cond" truecount="2" falsecount="2"/>
        <line num="14" count="0" type="stmt"/>
        <line num="15" count="0" type="stmt"/>
        <line num="19" count="3" type="cond" truecount="1" falsecount="1"/>
        <line num="20" count="0" type="stmt"/>
        <line num="21" count="0" type="stmt"/>
        <line num="25" count="3" type="cond" truecount="1" falsecount="1"/>
        <line num="26" count="0" type="stmt"/>
        <line num="28" count="0" type="stmt"/>
        <line num="29" count="0" type="stmt"/>
        <line num="33" count="3" type="stmt"/>
        <line num="34" count="3" type="stmt"/>
        <line num="40" count="1" type="stmt"/>
      </file>
    </package>
    <package name="utils">
      <metrics statements="4" coveredstatements="4" conditionals="0" coveredconditionals="0" methods="1" coveredmethods="1"/>
      <file name="generateToken.js" path="E:\sliit\AF\projet 2\af-2-it21287954-main\af-2-it21287954-main\backend\utils\generateToken.js">
        <metrics statements="4" coveredstatements="4" conditionals="0" coveredconditionals="0" methods="1" coveredmethods="1"/>
        <line num="2" count="1" type="stmt"/>
        <line num="4" count="1" type="stmt"/>
        <line num="5" count="1" type="stmt"/>
        <line num="10" count="1" type="stmt"/>
      </file>
    </package>
  </project>
</coverage>
