{"E:\\sliit\\AF\\projet 2\\coding\\af-2-it21287954\\backend\\__tests__\\db-handler.js": {"path":"E:\\sliit\\AF\\projet 2\\coding\\af-2-it21287954\\backend\\__tests__\\db-handler.js","statementMap":{"0":{"start":{"line":2,"column":17},"end":{"line":2,"column":36}},"1":{"start":{"line":3,"column":30},"end":{"line":3,"column":62}},"2":{"start":{"line":10,"column":16},"end":{"line":20,"column":1}},"3":{"start":{"line":11,"column":2},"end":{"line":11,"column":49}},"4":{"start":{"line":12,"column":14},"end":{"line":12,"column":34}},"5":{"start":{"line":14,"column":23},"end":{"line":17,"column":3}},"6":{"start":{"line":19,"column":2},"end":{"line":19,"column":44}},"7":{"start":{"line":25,"column":22},"end":{"line":32,"column":1}},"8":{"start":{"line":26,"column":2},"end":{"line":28,"column":3}},"9":{"start":{"line":27,"column":4},"end":{"line":27,"column":38}},"10":{"start":{"line":29,"column":2},"end":{"line":31,"column":3}},"11":{"start":{"line":30,"column":4},"end":{"line":30,"column":29}},"12":{"start":{"line":37,"column":22},"end":{"line":44,"column":1}},"13":{"start":{"line":38,"column":22},"end":{"line":38,"column":53}},"14":{"start":{"line":40,"column":2},"end":{"line":43,"column":3}},"15":{"start":{"line":41,"column":23},"end":{"line":41,"column":39}},"16":{"start":{"line":42,"column":4},"end":{"line":42,"column":34}},"17":{"start":{"line":46,"column":0},"end":{"line":50,"column":2}}},"fnMap":{"0":{"name":"(anonymous_0)","decl":{"start":{"line":10,"column":16},"end":{"line":10,"column":17}},"loc":{"start":{"line":10,"column":28},"end":{"line":20,"column":1}},"line":10},"1":{"name":"(anonymous_1)","decl":{"start":{"line":25,"column":22},"end":{"line":25,"column":23}},"loc":{"start":{"line":25,"column":34},"end":{"line":32,"column":1}},"line":25},"2":{"name":"(anonymous_2)","decl":{"start":{"line":37,"column":22},"end":{"line":37,"column":23}},"loc":{"start":{"line":37,"column":34},"end":{"line":44,"column":1}},"line":37}},"branchMap":{"0":{"loc":{"start":{"line":26,"column":2},"end":{"line":28,"column":3}},"type":"if","locations":[{"start":{"line":26,"column":2},"end":{"line":28,"column":3}},{"start":{},"end":{}}],"line":26},"1":{"loc":{"start":{"line":29,"column":2},"end":{"line":31,"column":3}},"type":"if","locations":[{"start":{"line":29,"column":2},"end":{"line":31,"column":3}},{"start":{},"end":{}}],"line":29}},"s":{"0":1,"1":1,"2":1,"3":1,"4":1,"5":1,"6":1,"7":1,"8":1,"9":1,"10":1,"11":1,"12":1,"13":9,"14":9,"15":9,"16":9,"17":1},"f":{"0":1,"1":1,"2":9},"b":{"0":[1,0],"1":[1,0]},"_coverageSchema":"1a1c01bbd47fc00a2c39e90264f33305004495a9","hash":"0376fe9e1ae295a203aca98e83b4bf17d2b5c61f"}
,"E:\\sliit\\AF\\projet 2\\coding\\af-2-it21287954\\backend\\controllers\\userController.js": {"path":"E:\\sliit\\AF\\projet 2\\coding\\af-2-it21287954\\backend\\controllers\\userController.js","statementMap":{"0":{"start":{"line":2,"column":21},"end":{"line":2,"column":53}},"1":{"start":{"line":3,"column":13},"end":{"line":3,"column":43}},"2":{"start":{"line":4,"column":22},"end":{"line":4,"column":55}},"3":{"start":{"line":9,"column":21},"end":{"line":37,"column":2}},"4":{"start":{"line":10,"column":36},"end":{"line":10,"column":44}},"5":{"start":{"line":12,"column":21},"end":{"line":12,"column":50}},"6":{"start":{"line":14,"column":2},"end":{"line":17,"column":3}},"7":{"start":{"line":15,"column":4},"end":{"line":15,"column":20}},"8":{"start":{"line":16,"column":4},"end":{"line":16,"column":43}},"9":{"start":{"line":19,"column":15},"end":{"line":23,"column":4}},"10":{"start":{"line":26,"column":2},"end":{"line":36,"column":3}},"11":{"start":{"line":27,"column":4},"end":{"line":32,"column":7}},"12":{"start":{"line":34,"column":4},"end":{"line":34,"column":20}},"13":{"start":{"line":35,"column":4},"end":{"line":35,"column":41}},"14":{"start":{"line":43,"column":17},"end":{"line":60,"column":2}},"15":{"start":{"line":44,"column":30},"end":{"line":44,"column":38}},"16":{"start":{"line":46,"column":15},"end":{"line":46,"column":44}},"17":{"start":{"line":49,"column":2},"end":{"line":59,"column":3}},"18":{"start":{"line":50,"column":4},"end":{"line":55,"column":7}},"19":{"start":{"line":57,"column":4},"end":{"line":57,"column":20}},"20":{"start":{"line":58,"column":4},"end":{"line":58,"column":49}},"21":{"start":{"line":66,"column":23},"end":{"line":79,"column":2}},"22":{"start":{"line":67,"column":15},"end":{"line":67,"column":48}},"23":{"start":{"line":69,"column":2},"end":{"line":78,"column":3}},"24":{"start":{"line":70,"column":4},"end":{"line":74,"column":7}},"25":{"start":{"line":76,"column":4},"end":{"line":76,"column":20}},"26":{"start":{"line":77,"column":4},"end":{"line":77,"column":38}},"27":{"start":{"line":81,"column":0},"end":{"line":81,"column":60}}},"fnMap":{"0":{"name":"(anonymous_0)","decl":{"start":{"line":9,"column":34},"end":{"line":9,"column":35}},"loc":{"start":{"line":9,"column":54},"end":{"line":37,"column":1}},"line":9},"1":{"name":"(anonymous_1)","decl":{"start":{"line":43,"column":30},"end":{"line":43,"column":31}},"loc":{"start":{"line":43,"column":50},"end":{"line":60,"column":1}},"line":43},"2":{"name":"(anonymous_2)","decl":{"start":{"line":66,"column":36},"end":{"line":66,"column":37}},"loc":{"start":{"line":66,"column":56},"end":{"line":79,"column":1}},"line":66}},"branchMap":{"0":{"loc":{"start":{"line":14,"column":2},"end":{"line":17,"column":3}},"type":"if","locations":[{"start":{"line":14,"column":2},"end":{"line":17,"column":3}},{"start":{},"end":{}}],"line":14},"1":{"loc":{"start":{"line":26,"column":2},"end":{"line":36,"column":3}},"type":"if","locations":[{"start":{"line":26,"column":2},"end":{"line":36,"column":3}},{"start":{"line":33,"column":9},"end":{"line":36,"column":3}}],"line":26},"2":{"loc":{"start":{"line":49,"column":2},"end":{"line":59,"column":3}},"type":"if","locations":[{"start":{"line":49,"column":2},"end":{"line":59,"column":3}},{"start":{"line":56,"column":9},"end":{"line":59,"column":3}}],"line":49},"3":{"loc":{"start":{"line":49,"column":6},"end":{"line":49,"column":50}},"type":"binary-expr","locations":[{"start":{"line":49,"column":6},"end":{"line":49,"column":10}},{"start":{"line":49,"column":15},"end":{"line":49,"column":49}}],"line":49},"4":{"loc":{"start":{"line":69,"column":2},"end":{"line":78,"column":3}},"type":"if","locations":[{"start":{"line":69,"column":2},"end":{"line":78,"column":3}},{"start":{"line":75,"column":9},"end":{"line":78,"column":3}}],"line":69}},"s":{"0":3,"1":3,"2":3,"3":3,"4":8,"5":8,"6":8,"7":2,"8":2,"9":6,"10":2,"11":2,"12":0,"13":0,"14":3,"15":7,"16":7,"17":7,"18":3,"19":4,"20":4,"21":3,"22":3,"23":3,"24":2,"25":1,"26":1,"27":3},"f":{"0":8,"1":7,"2":3},"b":{"0":[2,6],"1":[2,0],"2":[3,4],"3":[7,5],"4":[2,1]},"_coverageSchema":"1a1c01bbd47fc00a2c39e90264f33305004495a9","hash":"1d993c494d676fe762437b214d9921e67ac6d131"}
,"E:\\sliit\\AF\\projet 2\\coding\\af-2-it21287954\\backend\\middleware\\authMiddleware.js": {"path":"E:\\sliit\\AF\\projet 2\\coding\\af-2-it21287954\\backend\\middleware\\authMiddleware.js","statementMap":{"0":{"start":{"line":2,"column":12},"end":{"line":2,"column":35}},"1":{"start":{"line":3,"column":21},"end":{"line":3,"column":53}},"2":{"start":{"line":4,"column":13},"end":{"line":4,"column":43}},"3":{"start":{"line":6,"column":16},"end":{"line":32,"column":2}},"4":{"start":{"line":9,"column":2},"end":{"line":26,"column":3}},"5":{"start":{"line":13,"column":4},"end":{"line":25,"column":5}},"6":{"start":{"line":14,"column":6},"end":{"line":14,"column":54}},"7":{"start":{"line":16,"column":22},"end":{"line":16,"column":63}},"8":{"start":{"line":18,"column":6},"end":{"line":18,"column":69}},"9":{"start":{"line":20,"column":6},"end":{"line":20,"column":13}},"10":{"start":{"line":22,"column":6},"end":{"line":22,"column":27}},"11":{"start":{"line":23,"column":6},"end":{"line":23,"column":22}},"12":{"start":{"line":24,"column":6},"end":{"line":24,"column":54}},"13":{"start":{"line":28,"column":2},"end":{"line":31,"column":3}},"14":{"start":{"line":29,"column":4},"end":{"line":29,"column":20}},"15":{"start":{"line":30,"column":4},"end":{"line":30,"column":48}},"16":{"start":{"line":34,"column":0},"end":{"line":34,"column":29}}},"fnMap":{"0":{"name":"(anonymous_0)","decl":{"start":{"line":6,"column":29},"end":{"line":6,"column":30}},"loc":{"start":{"line":6,"column":55},"end":{"line":32,"column":1}},"line":6}},"branchMap":{"0":{"loc":{"start":{"line":9,"column":2},"end":{"line":26,"column":3}},"type":"if","locations":[{"start":{"line":9,"column":2},"end":{"line":26,"column":3}},{"start":{},"end":{}}],"line":9},"1":{"loc":{"start":{"line":10,"column":4},"end":{"line":11,"column":50}},"type":"binary-expr","locations":[{"start":{"line":10,"column":4},"end":{"line":10,"column":29}},{"start":{"line":11,"column":4},"end":{"line":11,"column":50}}],"line":10},"2":{"loc":{"start":{"line":28,"column":2},"end":{"line":31,"column":3}},"type":"if","locations":[{"start":{"line":28,"column":2},"end":{"line":31,"column":3}},{"start":{},"end":{}}],"line":28}},"s":{"0":3,"1":3,"2":3,"3":3,"4":7,"5":4,"6":4,"7":4,"8":2,"9":2,"10":2,"11":2,"12":2,"13":5,"14":3,"15":3,"16":3},"f":{"0":7},"b":{"0":[4,3],"1":[7,5],"2":[3,2]},"_coverageSchema":"1a1c01bbd47fc00a2c39e90264f33305004495a9","hash":"d6bc9f6b8afd29f5ba43388151823086cc15e12a"}
,"E:\\sliit\\AF\\projet 2\\coding\\af-2-it21287954\\backend\\middleware\\errorMiddleware.js": {"path":"E:\\sliit\\AF\\projet 2\\coding\\af-2-it21287954\\backend\\middleware\\errorMiddleware.js","statementMap":{"0":{"start":{"line":2,"column":17},"end":{"line":6,"column":1}},"1":{"start":{"line":3,"column":16},"end":{"line":3,"column":59}},"2":{"start":{"line":4,"column":2},"end":{"line":4,"column":18}},"3":{"start":{"line":5,"column":2},"end":{"line":5,"column":14}},"4":{"start":{"line":8,"column":21},"end":{"line":38,"column":1}},"5":{"start":{"line":9,"column":19},"end":{"line":9,"column":64}},"6":{"start":{"line":10,"column":16},"end":{"line":10,"column":27}},"7":{"start":{"line":13,"column":2},"end":{"line":16,"column":3}},"8":{"start":{"line":14,"column":4},"end":{"line":14,"column":35}},"9":{"start":{"line":15,"column":4},"end":{"line":15,"column":21}},"10":{"start":{"line":19,"column":2},"end":{"line":22,"column":3}},"11":{"start":{"line":20,"column":4},"end":{"line":20,"column":36}},"12":{"start":{"line":21,"column":4},"end":{"line":21,"column":21}},"13":{"start":{"line":25,"column":2},"end":{"line":31,"column":3}},"14":{"start":{"line":26,"column":4},"end":{"line":26,"column":21}},"15":{"start":{"line":28,"column":4},"end":{"line":30,"column":18}},"16":{"start":{"line":29,"column":19},"end":{"line":29,"column":29}},"17":{"start":{"line":33,"column":2},"end":{"line":33,"column":25}},"18":{"start":{"line":34,"column":2},"end":{"line":37,"column":5}},"19":{"start":{"line":40,"column":0},"end":{"line":40,"column":44}}},"fnMap":{"0":{"name":"(anonymous_0)","decl":{"start":{"line":2,"column":17},"end":{"line":2,"column":18}},"loc":{"start":{"line":2,"column":37},"end":{"line":6,"column":1}},"line":2},"1":{"name":"(anonymous_1)","decl":{"start":{"line":8,"column":21},"end":{"line":8,"column":22}},"loc":{"start":{"line":8,"column":46},"end":{"line":38,"column":1}},"line":8},"2":{"name":"(anonymous_2)","decl":{"start":{"line":29,"column":11},"end":{"line":29,"column":12}},"loc":{"start":{"line":29,"column":19},"end":{"line":29,"column":29}},"line":29}},"branchMap":{"0":{"loc":{"start":{"line":9,"column":19},"end":{"line":9,"column":64}},"type":"cond-expr","locations":[{"start":{"line":9,"column":44},"end":{"line":9,"column":47}},{"start":{"line":9,"column":50},"end":{"line":9,"column":64}}],"line":9},"1":{"loc":{"start":{"line":13,"column":2},"end":{"line":16,"column":3}},"type":"if","locations":[{"start":{"line":13,"column":2},"end":{"line":16,"column":3}},{"start":{},"end":{}}],"line":13},"2":{"loc":{"start":{"line":13,"column":6},"end":{"line":13,"column":57}},"type":"binary-expr","locations":[{"start":{"line":13,"column":6},"end":{"line":13,"column":30}},{"start":{"line":13,"column":34},"end":{"line":13,"column":57}}],"line":13},"3":{"loc":{"start":{"line":19,"column":2},"end":{"line":22,"column":3}},"type":"if","locations":[{"start":{"line":19,"column":2},"end":{"line":22,"column":3}},{"start":{},"end":{}}],"line":19},"4":{"loc":{"start":{"line":25,"column":2},"end":{"line":31,"column":3}},"type":"if","locations":[{"start":{"line":25,"column":2},"end":{"line":31,"column":3}},{"start":{},"end":{}}],"line":25},"5":{"loc":{"start":{"line":36,"column":11},"end":{"line":36,"column":67}},"type":"cond-expr","locations":[{"start":{"line":36,"column":51},"end":{"line":36,"column":55}},{"start":{"line":36,"column":58},"end":{"line":36,"column":67}}],"line":36}},"s":{"0":3,"1":3,"2":3,"3":3,"4":3,"5":13,"6":13,"7":13,"8":0,"9":0,"10":13,"11":0,"12":0,"13":13,"14":3,"15":3,"16":3,"17":13,"18":13,"19":3},"f":{"0":3,"1":13,"2":3},"b":{"0":[4,9],"1":[0,13],"2":[13,0],"3":[0,13],"4":[3,10],"5":[2,11]},"_coverageSchema":"1a1c01bbd47fc00a2c39e90264f33305004495a9","hash":"6c40eacbe21e3243745335752a15fe9f745dd603"}
,"E:\\sliit\\AF\\projet 2\\coding\\af-2-it21287954\\backend\\models\\userModel.js": {"path":"E:\\sliit\\AF\\projet 2\\coding\\af-2-it21287954\\backend\\models\\userModel.js","statementMap":{"0":{"start":{"line":2,"column":17},"end":{"line":2,"column":36}},"1":{"start":{"line":3,"column":15},"end":{"line":3,"column":34}},"2":{"start":{"line":5,"column":19},"end":{"line":31,"column":1}},"3":{"start":{"line":33,"column":0},"end":{"line":35,"column":2}},"4":{"start":{"line":34,"column":2},"end":{"line":34,"column":62}},"5":{"start":{"line":37,"column":0},"end":{"line":44,"column":3}},"6":{"start":{"line":38,"column":2},"end":{"line":40,"column":3}},"7":{"start":{"line":39,"column":4},"end":{"line":39,"column":11}},"8":{"start":{"line":42,"column":15},"end":{"line":42,"column":39}},"9":{"start":{"line":43,"column":2},"end":{"line":43,"column":57}},"10":{"start":{"line":46,"column":13},"end":{"line":46,"column":47}},"11":{"start":{"line":48,"column":0},"end":{"line":48,"column":22}}},"fnMap":{"0":{"name":"(anonymous_0)","decl":{"start":{"line":33,"column":35},"end":{"line":33,"column":36}},"loc":{"start":{"line":33,"column":68},"end":{"line":35,"column":1}},"line":33},"1":{"name":"(anonymous_1)","decl":{"start":{"line":37,"column":23},"end":{"line":37,"column":24}},"loc":{"start":{"line":37,"column":45},"end":{"line":44,"column":1}},"line":37}},"branchMap":{"0":{"loc":{"start":{"line":38,"column":2},"end":{"line":40,"column":3}},"type":"if","locations":[{"start":{"line":38,"column":2},"end":{"line":40,"column":3}},{"start":{},"end":{}}],"line":38}},"s":{"0":5,"1":5,"2":5,"3":5,"4":4,"5":5,"6":10,"7":1,"8":10,"9":10,"10":5,"11":5},"f":{"0":4,"1":10},"b":{"0":[1,9]},"_coverageSchema":"1a1c01bbd47fc00a2c39e90264f33305004495a9","hash":"10f8982ca2011b046c4b6aa367944e47108a1c03"}
,"E:\\sliit\\AF\\projet 2\\coding\\af-2-it21287954\\backend\\routes\\userRoutes.js": {"path":"E:\\sliit\\AF\\projet 2\\coding\\af-2-it21287954\\backend\\routes\\userRoutes.js","statementMap":{"0":{"start":{"line":2,"column":16},"end":{"line":2,"column":34}},"1":{"start":{"line":3,"column":15},"end":{"line":3,"column":31}},"2":{"start":{"line":8,"column":4},"end":{"line":8,"column":44}},"3":{"start":{"line":9,"column":20},"end":{"line":9,"column":59}},"4":{"start":{"line":11,"column":0},"end":{"line":11,"column":37}},"5":{"start":{"line":12,"column":0},"end":{"line":12,"column":32}},"6":{"start":{"line":13,"column":0},"end":{"line":13,"column":54}},"7":{"start":{"line":15,"column":0},"end":{"line":15,"column":24}}},"fnMap":{},"branchMap":{},"s":{"0":2,"1":2,"2":2,"3":2,"4":2,"5":2,"6":2,"7":2},"f":{},"b":{},"_coverageSchema":"1a1c01bbd47fc00a2c39e90264f33305004495a9","hash":"a5b0053a878cd58be7d4df65d82433987282859b"}
,"E:\\sliit\\AF\\projet 2\\coding\\af-2-it21287954\\backend\\utils\\generateToken.js": {"path":"E:\\sliit\\AF\\projet 2\\coding\\af-2-it21287954\\backend\\utils\\generateToken.js","statementMap":{"0":{"start":{"line":2,"column":12},"end":{"line":2,"column":35}},"1":{"start":{"line":4,"column":22},"end":{"line":8,"column":1}},"2":{"start":{"line":5,"column":2},"end":{"line":7,"column":5}},"3":{"start":{"line":10,"column":0},"end":{"line":10,"column":31}}},"fnMap":{"0":{"name":"(anonymous_0)","decl":{"start":{"line":4,"column":22},"end":{"line":4,"column":23}},"loc":{"start":{"line":4,"column":30},"end":{"line":8,"column":1}},"line":4}},"branchMap":{},"s":{"0":4,"1":4,"2":4,"3":4},"f":{"0":4},"b":{},"_coverageSchema":"1a1c01bbd47fc00a2c39e90264f33305004495a9","hash":"be6b66d7dd8a6723bed3341f82e5d6486abd1cd1"}
}
