TN:
SF:__tests__\db-handler.js
FN:10,(anonymous_0)
FN:25,(anonymous_1)
FN:37,(anonymous_2)
FNF:3
FNH:3
FNDA:1,(anonymous_0)
FNDA:1,(anonymous_1)
FNDA:9,(anonymous_2)
DA:2,1
DA:3,1
DA:10,1
DA:11,1
DA:12,1
DA:14,1
DA:19,1
DA:25,1
DA:26,1
DA:27,1
DA:29,1
DA:30,1
DA:37,1
DA:38,9
DA:40,9
DA:41,9
DA:42,9
DA:46,1
LF:18
LH:18
BRDA:26,0,0,1
BRDA:26,0,1,0
BRDA:29,1,0,1
BRDA:29,1,1,0
BRF:4
BRH:2
end_of_record
TN:
SF:controllers\userController.js
FN:9,(anonymous_0)
FN:43,(anonymous_1)
FN:66,(anonymous_2)
FNF:3
FNH:3
FNDA:8,(anonymous_0)
FNDA:7,(anonymous_1)
FNDA:3,(anonymous_2)
DA:2,3
DA:3,3
DA:4,3
DA:9,3
DA:10,8
DA:12,8
DA:14,8
DA:15,2
DA:16,2
DA:19,6
DA:26,2
DA:27,2
DA:34,0
DA:35,0
DA:43,3
DA:44,7
DA:46,7
DA:49,7
DA:50,3
DA:57,4
DA:58,4
DA:66,3
DA:67,3
DA:69,3
DA:70,2
DA:76,1
DA:77,1
DA:81,3
LF:28
LH:26
BRDA:14,0,0,2
BRDA:14,0,1,6
BRDA:26,1,0,2
BRDA:26,1,1,0
BRDA:49,2,0,3
BRDA:49,2,1,4
BRDA:49,3,0,7
BRDA:49,3,1,5
BRDA:69,4,0,2
BRDA:69,4,1,1
BRF:10
BRH:9
end_of_record
TN:
SF:middleware\authMiddleware.js
FN:6,(anonymous_0)
FNF:1
FNH:1
FNDA:7,(anonymous_0)
DA:2,3
DA:3,3
DA:4,3
DA:6,3
DA:9,7
DA:13,4
DA:14,4
DA:16,4
DA:18,2
DA:20,2
DA:22,2
DA:23,2
DA:24,2
DA:28,5
DA:29,3
DA:30,3
DA:34,3
LF:17
LH:17
BRDA:9,0,0,4
BRDA:9,0,1,3
BRDA:10,1,0,7
BRDA:10,1,1,5
BRDA:28,2,0,3
BRDA:28,2,1,2
BRF:6
BRH:6
end_of_record
TN:
SF:middleware\errorMiddleware.js
FN:2,(anonymous_0)
FN:8,(anonymous_1)
FN:29,(anonymous_2)
FNF:3
FNH:3
FNDA:3,(anonymous_0)
FNDA:13,(anonymous_1)
FNDA:3,(anonymous_2)
DA:2,3
DA:3,3
DA:4,3
DA:5,3
DA:8,3
DA:9,13
DA:10,13
DA:13,13
DA:14,0
DA:15,0
DA:19,13
DA:20,0
DA:21,0
DA:25,13
DA:26,3
DA:28,3
DA:29,3
DA:33,13
DA:34,13
DA:40,3
LF:20
LH:16
BRDA:9,0,0,4
BRDA:9,0,1,9
BRDA:13,1,0,0
BRDA:13,1,1,13
BRDA:13,2,0,13
BRDA:13,2,1,0
BRDA:19,3,0,0
BRDA:19,3,1,13
BRDA:25,4,0,3
BRDA:25,4,1,10
BRDA:36,5,0,2
BRDA:36,5,1,11
BRF:12
BRH:9
end_of_record
TN:
SF:models\userModel.js
FN:33,(anonymous_0)
FN:37,(anonymous_1)
FNF:2
FNH:2
FNDA:4,(anonymous_0)
FNDA:10,(anonymous_1)
DA:2,5
DA:3,5
DA:5,5
DA:33,5
DA:34,4
DA:37,5
DA:38,10
DA:39,1
DA:42,10
DA:43,10
DA:46,5
DA:48,5
LF:12
LH:12
BRDA:38,0,0,1
BRDA:38,0,1,9
BRF:2
BRH:2
end_of_record
TN:
SF:routes\userRoutes.js
FNF:0
FNH:0
DA:2,2
DA:3,2
DA:8,2
DA:9,2
DA:11,2
DA:12,2
DA:13,2
DA:15,2
LF:8
LH:8
BRF:0
BRH:0
end_of_record
TN:
SF:utils\generateToken.js
FN:4,(anonymous_0)
FNF:1
FNH:1
FNDA:4,(anonymous_0)
DA:2,4
DA:4,4
DA:5,4
DA:10,4
LF:4
LH:4
BRF:0
BRH:0
end_of_record
