TN:
SF:middleware\errorMiddleware.js
FN:2,(anonymous_0)
FN:8,(anonymous_1)
FN:29,(anonymous_2)
FNF:3
FNH:2
FNDA:1,(anonymous_0)
FNDA:3,(anonymous_1)
FNDA:0,(anonymous_2)
DA:2,1
DA:3,1
DA:4,1
DA:5,1
DA:8,1
DA:9,3
DA:10,3
DA:13,3
DA:14,0
DA:15,0
DA:19,3
DA:20,0
DA:21,0
DA:25,3
DA:26,0
DA:28,0
DA:29,0
DA:33,3
DA:34,3
DA:40,1
LF:20
LH:13
BRDA:9,0,0,1
BRDA:9,0,1,2
BRDA:13,1,0,0
BRDA:13,1,1,3
BRDA:13,2,0,3
BRDA:13,2,1,0
BRDA:19,3,0,0
BRDA:19,3,1,3
BRDA:25,4,0,0
BRDA:25,4,1,3
BRDA:36,5,0,2
BRDA:36,5,1,1
BRF:12
BRH:8
end_of_record
TN:
SF:utils\generateToken.js
FN:4,(anonymous_0)
FNF:1
FNH:1
FNDA:1,(anonymous_0)
DA:2,1
DA:4,1
DA:5,1
DA:10,1
LF:4
LH:4
BRF:0
BRH:0
end_of_record
